0 info it worked if it ends with ok
1 verbose cli [
1 verbose cli   'C:\\Program Files (x86)\\Nodist\\v-x64\\13.7.0\\node.exe',
1 verbose cli   'C:\\Program Files (x86)\\Nodist\\npmv\\3.10.10\\bin\\npm-cli.js',
1 verbose cli   'run',
1 verbose cli   'start'
1 verbose cli ]
2 info using npm@3.10.10
3 info using node@v13.7.0
4 verbose run-script [ 'prestart', 'start', 'poststart' ]
5 info lifecycle react-sample@0.0.1~prestart: react-sample@0.0.1
6 silly lifecycle react-sample@0.0.1~prestart: no script for prestart, continuing
7 info lifecycle react-sample@0.0.1~start: react-sample@0.0.1
8 verbose lifecycle react-sample@0.0.1~start: unsafe-perm in lifecycle true
9 verbose lifecycle react-sample@0.0.1~start: PATH: C:\Program Files (x86)\Nodist\npmv\3.10.10\bin\node-gyp-bin;C:\Users\Imoto\Documents\Project_Cbr\ReactSapmle\node_modules\.bin;C:\Program Files (x86)\Nodist\v-x64\13.7.0;C:\Program Files (x86)\Microsoft SDKs\Azure\CLI2\wbin;C:\ProgramData\Oracle\Java\javapath;C:\WINDOWS\system32;C:\WINDOWS;C:\WINDOWS\System32\Wbem;C:\WINDOWS\System32\WindowsPowerShell\v1.0\;C:\Program Files\Git\cmd;C:\Program Files\dotnet\;C:\Program Files\Microsoft SQL Server\130\Tools\Binn\;C:\ProgramData\chocolatey\bin;C:\PROGRA~1\JPKI;C:\Program Files\Amazon\AWSCLI\;C:\WINDOWS\System32\OpenSSH\;C:\Program Files\PuTTY\;C:\Program Files\Microsoft VS Code\bin;C:\Program Files (x86)\Common Files\Sony Shared\FeliCaLibrary;C:\Program Files\Common Files\Sony Shared\FeliCaLibrary;C:\Program Files (x86)\Common Files\Sony Shared\FeliCaNFCLibrary;C:\Program Files\Common Files\Sony Shared\FeliCaNFCLibrary;C:\Program Files (x86)\Microsoft SQL Server\150\DTS\Binn\;C:\Program Files (x86)\Nodist\bin;C:\Program Files\Java\jdk-13\bin;C:\Program Files\MySQL\MySQL Utilities 1.6\;C:\Program Files (x86)\GrapeCity\SAManager\;C:\Program Files\Microsoft SQL Server\Client SDK\ODBC\170\Tools\Binn\;C:\apache-maven-3.6.3\bin;C:\Program Files\Amazon\AWSSAMCLI\bin\;C:\Program Files (x86)\Yarn\bin\;C:\Program Files\Docker\Docker\resources\bin;C:\ProgramData\DockerDesktop\version-bin;C:\Program Files\OpenSSH-Win64;C:\Users\Imoto\AppData\Local\Programs\Python\Python37-32\Scripts\;C:\Users\Imoto\AppData\Local\Programs\Python\Python37-32\;C:\Users\Imoto\AppData\Roaming\Python\Python37\Scripts\;C:\Users\Imoto\AppData\Roaming\Python\Python37\;C:\Program Files\MySQL\MySQL Shell 8.0\bin\;;C:\Users\Imoto\AppData\Local\Programs\Microsoft VS Code\bin;C:\Users\Imoto\AppData\Local\Yarn\bin;%USERPROFILE%\AppData\Local\Microsoft\WindowsApps;C:\Users\Imoto\.dotnet\tools
10 verbose lifecycle react-sample@0.0.1~start: CWD: C:\Users\Imoto\Documents\Project_Cbr\ReactSapmle
11 silly lifecycle react-sample@0.0.1~start: Args: [
11 silly lifecycle   '/d /s /c',
11 silly lifecycle   'webpack-dev-server --hot --inline --watch-content-base --content-base public/ --open-page .'
11 silly lifecycle ]
12 verbose stack Error: kill ENOSYS
12 verbose stack     at process.kill (internal/process/per_thread.js:197:13)
12 verbose stack     at process.listener (C:\Program Files (x86)\Nodist\npmv\3.10.10\node_modules\npmlog\node_modules\gauge\node_modules\signal-exit\index.js:86:15)
12 verbose stack     at process.emit (events.js:333:22)
13 verbose cwd C:\Users\Imoto\Documents\Project_Cbr\ReactSapmle
14 error Windows_NT 10.0.18363
15 error argv "C:\\Program Files (x86)\\Nodist\\v-x64\\13.7.0\\node.exe" "C:\\Program Files (x86)\\Nodist\\npmv\\3.10.10\\bin\\npm-cli.js" "run" "start"
16 error node v13.7.0
17 error npm  v3.10.10
18 error code ENOSYS
19 error errno -4054
20 error syscall kill
21 error kill ENOSYS
22 error If you need help, you may report this error at:
22 error     <https://github.com/npm/npm/issues>
23 verbose exit [ -4054, true ]
